info: [Oct-22-2024 00:37:09]: POST /order/readOrder {"size":20,"page":1,"updateDate":["2024-10-21 00:00:00","2024-10-22 23:59:59"]}
info: [Oct-22-2024 00:37:09]: POST /product/readProduct {"size":999,"page":1}
info: [Oct-22-2024 00:37:09]: POST /shop/readShop {"size":999,"page":1}
info: [Oct-22-2024 00:37:16]: POST /order/readHistoryOrder {"size":99,"page":1,"orderCode":"d98a4e3d-6ee6-47f5-9c5c-0c598c803a67-20241021"}
info: [Oct-22-2024 00:37:24]: POST /order/readHistoryOrder {"size":99,"page":1,"orderCode":"09c4bfbc-bc1f-4bb9-8618-5d73bdf0ea51-20241021"}
info: [Oct-22-2024 00:37:26]: POST /order/readHistoryOrder {"size":99,"page":1,"orderCode":"b81327a3-c600-4f5f-82c0-1fa0ccdb18ec-20241021"}
info: [Oct-22-2024 00:37:29]: POST /order/readHistoryOrder {"size":99,"page":1,"orderCode":"f9b6396c-a755-44bf-bfc9-db4457586a5c-20241021"}
info: [Oct-22-2024 00:37:33]: POST /order/readHistoryOrder {"size":99,"page":1,"orderCode":"7aa2bdf3-2098-47d4-ae4a-3d61664b1e0c-20241021"}
info: [Oct-22-2024 00:37:35]: POST /order/readHistoryOrder {"size":99,"page":1,"orderCode":"e103f4cf-1e55-43f0-9320-eade2db83cc5-20241021"}
info: [Oct-22-2024 00:37:48]: POST /order/readOrder {"size":20,"page":1,"updateDate":["2024-10-01 00:00:00","2024-10-22 23:59:59"],"total":6}
info: [Oct-22-2024 00:37:52]: POST /order/readOrderDetail {"orderId":"8e1e0f0a-1fd4-4456-b665-4c5c664b40f3"}
info: [Oct-22-2024 09:54:10]: POST /member/login {"name":"kaye","password":"123456","force":false}
info: [Oct-22-2024 09:54:10]: POST /order/readOrder {"size":20,"page":1,"updateDate":["2024-10-21 00:00:00","2024-10-22 23:59:59"]}
info: [Oct-22-2024 09:54:10]: POST /product/readProduct {"size":999,"page":1}
info: [Oct-22-2024 09:54:10]: POST /shop/readShop {"size":999,"page":1}
info: [Oct-22-2024 09:54:12]: POST /product/readProduct {"size":20,"page":1}
info: [Oct-22-2024 09:54:14]: POST /shop/readPartition {}
info: [Oct-22-2024 09:54:14]: POST /shop/readShop {"size":999,"page":1}
info: [Oct-22-2024 09:54:14]: POST /member/readMember {"size":10,"page":1}
info: [Oct-22-2024 09:55:42]: POST /product/readProduct {"size":20,"page":1}
info: [Oct-22-2024 09:55:47]: POST /inventory/readInventory {"size":20,"page":1}
info: [Oct-22-2024 09:55:51]: POST /order/readOrder {"size":20,"page":1,"updateDate":["2024-10-21 00:00:00","2024-10-22 23:59:59"]}
info: [Oct-22-2024 09:55:51]: POST /product/readProduct {"size":999,"page":1}
info: [Oct-22-2024 09:55:51]: POST /shop/readShop {"size":999,"page":1}
info: [Oct-22-2024 09:56:10]: POST /product/readProduct {"size":20,"page":1}
info: [Oct-22-2024 09:56:42]: POST /setting/readAllSetting {}
info: [Oct-22-2024 09:56:54]: POST /inventory/readInventory {"size":20,"page":1}
info: [Oct-22-2024 09:56:56]: POST /setting/readAllSetting {}
info: [Oct-22-2024 09:57:05]: POST /product/readProduct {"size":999,"page":1}
info: [Oct-22-2024 09:57:19]: POST /product/readProduct {"size":20,"page":1}
info: [Oct-22-2024 09:57:21]: POST /setting/readAllSetting {}
info: [Oct-22-2024 09:57:29]: POST /inventory/readInventory {"size":20,"page":1}
info: [Oct-22-2024 09:57:30]: POST /setting/readAllSetting {}
info: [Oct-22-2024 09:58:36]: POST /product/readProduct {"size":999,"page":1}
info: [Oct-22-2024 09:58:36]: POST /order/readOrder {"size":20,"page":1,"updateDate":["2024-10-21 00:00:00","2024-10-22 23:59:59"]}
info: [Oct-22-2024 09:58:36]: POST /shop/readShop {"size":999,"page":1}
info: [Oct-22-2024 10:00:38]: POST /order/readOrder {"size":20,"page":1,"updateDate":["2024-10-21 00:00:00","2024-10-22 23:59:59"]}
info: [Oct-22-2024 10:00:38]: POST /product/readProduct {"size":999,"page":1}
info: [Oct-22-2024 10:00:38]: POST /shop/readShop {"size":999,"page":1}
info: [Oct-22-2024 10:00:40]: POST /product/readProduct {"size":20,"page":1}
info: [Oct-22-2024 10:00:41]: POST /order/readOrder {"size":20,"page":1,"updateDate":["2024-10-21 00:00:00","2024-10-22 23:59:59"]}
info: [Oct-22-2024 10:00:41]: POST /product/readProduct {"size":999,"page":1}
info: [Oct-22-2024 10:00:42]: POST /shop/readShop {"size":999,"page":1}
info: [Oct-22-2024 10:01:08]: POST /setting/readAllSetting {}
info: [Oct-22-2024 10:02:48]: POST /inventory/readInventory {"size":20,"page":1}
info: [Oct-22-2024 10:02:50]: POST /setting/readAllSetting {}
info: [Oct-22-2024 10:02:56]: POST /order/readOrder {"size":20,"page":1,"updateDate":["2024-10-21 00:00:00","2024-10-22 23:59:59"]}
info: [Oct-22-2024 10:02:56]: POST /shop/readShop {"size":999,"page":1}
info: [Oct-22-2024 10:02:56]: POST /product/readProduct {"size":999,"page":1}
info: [Oct-22-2024 10:03:28]: POST /shop/readPartition {}
info: [Oct-22-2024 10:03:29]: POST /shop/readShop {"size":999,"page":1}
info: [Oct-22-2024 10:03:29]: POST /member/readMember {"size":10,"page":1}
info: [Oct-22-2024 10:03:40]: POST /member/register {"name":"444","password":"444","auth":"0","shopId":"d98a4e3d-6ee6-47f5-9c5c-0c598c803a67","shopName":""}
info: [Oct-22-2024 10:03:40]: POST /member/readMember {"size":10,"page":1,"total":5}
info: [Oct-22-2024 10:04:26]: POST /setting/readAllSetting {}
info: [Oct-22-2024 10:04:45]: POST /inventory/readInventory {"size":20,"page":1}
info: [Oct-22-2024 10:04:46]: POST /setting/readAllSetting {}
info: [Oct-22-2024 10:04:59]: POST /order/readOrder {"size":20,"page":1,"updateDate":["2024-10-21 00:00:00","2024-10-22 23:59:59"]}
info: [Oct-22-2024 10:04:59]: POST /product/readProduct {"size":999,"page":1}
info: [Oct-22-2024 10:04:59]: POST /shop/readShop {"size":999,"page":1}
info: [Oct-22-2024 10:17:27]: POST /member/login {"name":"kaye","password":"1234569","force":false}
info: [Oct-22-2024 10:17:28]: POST /member/login {"name":"kaye","password":"1234569","force":true}
info: [Oct-22-2024 10:17:29]: POST /order/readOrder {"size":20,"page":1,"updateDate":["2024-10-21 00:00:00","2024-10-22 23:59:59"]}
info: [Oct-22-2024 10:17:29]: POST /product/readProduct {"size":999,"page":1}
info: [Oct-22-2024 10:17:29]: POST /shop/readShop {"size":999,"page":1}
info: [Oct-22-2024 10:17:32]: POST /setting/readAllSetting {}
info: [Oct-22-2024 10:17:34]: POST /inventory/readInventory {"size":20,"page":1}
info: [Oct-22-2024 10:17:36]: POST /shop/readShop {"size":10,"page":1}
info: [Oct-22-2024 10:17:36]: POST /product/readProduct {"size":999,"page":1}
info: [Oct-22-2024 10:17:36]: POST /shop/readPartition {}
info: [Oct-22-2024 10:17:37]: POST /shop/readPartition {}
info: [Oct-22-2024 10:17:37]: POST /shop/readShop {"size":999,"page":1}
info: [Oct-22-2024 10:17:37]: POST /member/readMember {"size":10,"page":1}
info: [Oct-22-2024 10:17:39]: POST /product/readProduct {"size":20,"page":1}
info: [Oct-22-2024 10:17:40]: POST /order/readOrder {"size":20,"page":1,"updateDate":["2024-10-21 00:00:00","2024-10-22 23:59:59"]}
info: [Oct-22-2024 10:17:40]: POST /product/readProduct {"size":999,"page":1}
info: [Oct-22-2024 10:17:40]: POST /shop/readShop {"size":999,"page":1}
info: [Oct-22-2024 10:17:44]: POST /shop/readShop {"size":10,"page":1}
info: [Oct-22-2024 10:17:44]: POST /shop/readPartition {}
info: [Oct-22-2024 10:17:44]: POST /product/readProduct {"size":999,"page":1}
info: [Oct-22-2024 10:17:58]: POST /shop/createShop {"shopPartition":"7,6,1","shopType":"0","shopCode":"444","shopName":"444"}
info: [Oct-22-2024 10:17:59]: POST /shop/readShop {"size":10,"page":1,"total":18}
info: [Oct-22-2024 10:18:01]: POST /shop/readShop {"size":10,"page":2,"total":19}
info: [Oct-22-2024 10:18:04]: POST /shop/deleteShop {"shopId":"492848fc-9443-45ad-a8ed-f142f2238dc1"}
info: [Oct-22-2024 10:18:05]: POST /shop/readShop {"size":10,"page":2,"total":19}
info: [Oct-22-2024 10:18:06]: POST /shop/readPartition {}
info: [Oct-22-2024 10:18:06]: POST /shop/readShop {"size":999,"page":1}
info: [Oct-22-2024 10:18:06]: POST /member/readMember {"size":10,"page":1}
info: [Oct-22-2024 10:18:09]: POST /member/readMember {"size":10,"page":2,"total":34}
info: [Oct-22-2024 10:18:14]: POST /member/register {"name":"555","password":"555","auth":"0","shopId":"95f8c32d-20e7-4ffc-89d1-8dd559412069","shopName":"616尖沙咀"}
info: [Oct-22-2024 10:18:15]: POST /member/readMember {"size":10,"page":2,"total":34}
info: [Oct-22-2024 10:18:16]: POST /member/readMember {"size":10,"page":1,"total":35}
info: [Oct-22-2024 10:18:20]: POST /member/readMember {"size":10,"page":2,"total":35}
info: [Oct-22-2024 10:18:22]: POST /member/readMember {"size":10,"page":3,"total":35}
info: [Oct-22-2024 10:18:25]: POST /member/deleteMember {"id":"70953e39-07e8-465c-8e56-9deb28296d97"}
info: [Oct-22-2024 10:18:25]: POST /member/readMember {"size":10,"page":3,"total":35}
info: [Oct-22-2024 10:33:57]: POST /product/readProduct {"size":20,"page":1}
info: [Oct-22-2024 10:34:04]: POST /shop/readShop {"size":10,"page":1}
info: [Oct-22-2024 10:34:04]: POST /product/readProduct {"size":999,"page":1}
info: [Oct-22-2024 10:34:04]: POST /shop/readPartition {}
info: [Oct-22-2024 10:34:12]: POST /shop/createShop {"shopPartition":"6,5","shopType":"0","shopCode":"333","shopName":"333"}
info: [Oct-22-2024 10:34:12]: POST /shop/readShop {"size":10,"page":1,"total":18}
info: [Oct-22-2024 10:34:15]: POST /shop/readShop {"size":10,"page":2,"total":19}
info: [Oct-22-2024 10:34:26]: POST /shop/updateShop {"shopId":"3b902670-eec5-4361-a3d2-673a4c6c2efc","shopCode":"55555","shopName":"333","shopType":"0","shopOrder":17,"productCount":null,"shopPartition":"6,5,4","updateDate":"2024-10-22 10:34:12","shopPartitionName":["SHING","華"]}
info: [Oct-22-2024 10:34:26]: POST /shop/readShop {"size":10,"page":2,"total":19}
info: [Oct-22-2024 10:34:28]: POST /shop/readBindProduct {"shopId":"3b902670-eec5-4361-a3d2-673a4c6c2efc","size":999,"page":1}
info: [Oct-22-2024 10:34:32]: POST /shop/bindProductToShop {"productList":[{"id":"3b902670-eec5-4361-a3d2-673a4c6c2efc17","shopId":"3b902670-eec5-4361-a3d2-673a4c6c2efc","productId":17},{"id":"3b902670-eec5-4361-a3d2-673a4c6c2efc40","shopId":"3b902670-eec5-4361-a3d2-673a4c6c2efc","productId":40},{"id":"3b902670-eec5-4361-a3d2-673a4c6c2efc249","shopId":"3b902670-eec5-4361-a3d2-673a4c6c2efc","productId":249}]}
info: [Oct-22-2024 10:34:39]: POST /shop/deleteShop {"shopId":"3b902670-eec5-4361-a3d2-673a4c6c2efc"}
info: [Oct-22-2024 10:34:39]: POST /shop/readShop {"size":10,"page":2,"total":19}
info: [Oct-22-2024 10:34:41]: POST /shop/readShop {"size":10,"page":1,"total":18}
info: [Oct-22-2024 10:34:42]: POST /shop/readShop {"size":10,"page":2,"total":18}
info: [Oct-22-2024 10:34:46]: POST /shop/readPartition {}
info: [Oct-22-2024 10:34:47]: POST /shop/readShop {"size":999,"page":1}
info: [Oct-22-2024 10:34:47]: POST /member/readMember {"size":10,"page":1}
info: [Oct-22-2024 10:35:01]: POST /member/register {"name":"4444","password":"44444","auth":"0","shopId":"db9b1d55-4afe-4a11-80e1-1ddc80bf6248","shopName":"616元朗"}
info: [Oct-22-2024 10:35:02]: POST /member/readMember {"size":10,"page":1,"total":34}
info: [Oct-22-2024 10:35:04]: POST /member/readMember {"size":10,"page":2,"total":35}
info: [Oct-22-2024 10:35:12]: POST /member/updateMember {"id":"5de1731e-b7c7-4263-8cae-e79eebc17a2d","name":"4444","password":"3e511da7577d1864871b760ab30e05b56943c9b2","auth":"2","shopPartition":5,"shopId":"db9b1d55-4afe-4a11-80e1-1ddc80bf6248","shopName":"616元朗","partitionName":null,"updateDate":"2024-10-22 10:35:01"}
info: [Oct-22-2024 10:35:22]: POST /member/updateMember {"id":"5de1731e-b7c7-4263-8cae-e79eebc17a2d","name":"4444","password":"3e511da7577d1864871b760ab30e05b56943c9b2","auth":"0","shopPartition":null,"shopId":"b81327a3-c600-4f5f-82c0-1fa0ccdb18ec","shopName":"616西環","partitionName":null,"updateDate":"2024-10-22 10:35:01"}
info: [Oct-22-2024 10:35:22]: POST /member/readMember {"size":10,"page":2,"total":35}
info: [Oct-22-2024 10:35:26]: POST /member/deleteMember {"id":"5de1731e-b7c7-4263-8cae-e79eebc17a2d"}
info: [Oct-22-2024 10:35:27]: POST /member/readMember {"size":10,"page":2,"total":35}
info: [Oct-22-2024 10:35:30]: POST /setting/readAllSetting {}
info: [Oct-22-2024 10:35:36]: POST /setting/updateSetting {"name":"lastOrder","value":"09"}
info: [Oct-22-2024 10:35:36]: POST /setting/readAllSetting {}
info: [Oct-22-2024 10:35:37]: POST /setting/updateSetting {"name":"lastOrder","value":"08"}
info: [Oct-22-2024 10:35:38]: POST /setting/readAllSetting {}
info: [Oct-22-2024 10:36:35]: POST /inventory/readInventory {"size":20,"page":1}
info: [Oct-22-2024 10:36:36]: POST /setting/readAllSetting {}
info: [Oct-22-2024 10:36:39]: POST /product/readProduct {"size":999,"page":1}
info: [Oct-22-2024 10:36:43]: POST /shop/readPartition {}
info: [Oct-22-2024 10:36:43]: POST /shop/readShop {"size":999,"page":1}
info: [Oct-22-2024 10:36:43]: POST /member/readMember {"size":10,"page":1}
info: [Oct-22-2024 10:36:45]: POST /product/readProduct {"size":20,"page":1}
info: [Oct-22-2024 10:36:59]: POST /product/createProduct {"productCode":"eeee","productName":"eeee","classify":"1","freezersNum":"1","department":"0","standard":"eee","unit":"eee","disable":"0","summary":"1"}
info: [Oct-22-2024 10:36:59]: POST /product/readProduct {"size":20,"page":1,"total":252}
info: [Oct-22-2024 10:37:02]: POST /product/readProduct {"size":20,"page":4,"total":253}
info: [Oct-22-2024 10:37:08]: POST /product/readProduct {"size":20,"page":4,"total":253,"productName":"ee"}
info: [Oct-22-2024 10:37:08]: POST /product/readProduct {"size":20,"page":1,"total":1,"productName":"ee"}
info: [Oct-22-2024 10:37:11]: POST /product/deleteProduct {"productId":313}
info: [Oct-22-2024 10:37:11]: POST /product/readProduct {"size":20,"page":1,"total":1,"productName":"ee"}
info: [Oct-22-2024 10:37:15]: POST /order/readOrder {"size":20,"page":1,"updateDate":["2024-10-21 00:00:00","2024-10-22 23:59:59"]}
info: [Oct-22-2024 10:37:15]: POST /product/readProduct {"size":999,"page":1}
info: [Oct-22-2024 10:37:15]: POST /shop/readShop {"size":999,"page":1}
info: [Oct-22-2024 10:37:29]: POST /product/readProduct {"size":20,"page":1}
info: [Oct-22-2024 10:37:30]: POST /order/readOrder {"size":20,"page":1,"updateDate":["2024-10-21 00:00:00","2024-10-22 23:59:59"]}
info: [Oct-22-2024 10:37:31]: POST /shop/readShop {"size":999,"page":1}
info: [Oct-22-2024 10:37:31]: POST /product/readProduct {"size":999,"page":1}
info: [Oct-22-2024 10:37:34]: POST /member/logout {}
info: [Oct-22-2024 10:37:42]: POST /member/login {"name":"kaye_test","password":"1234569","force":false}
info: [Oct-22-2024 10:37:42]: POST /order/readOrder {"size":20,"page":1,"updateDate":["2024-10-21 00:00:00","2024-10-22 23:59:59"]}
info: [Oct-22-2024 10:37:42]: POST /product/readProduct {"size":999,"page":1}
info: [Oct-22-2024 10:37:42]: POST /shop/readShop {"size":999,"page":1}
info: [Oct-22-2024 10:37:43]: POST /product/readProduct {"size":999,"page":1}
info: [Oct-22-2024 10:37:44]: POST /order/checkOrderRepeated {}
info: [Oct-22-2024 10:38:01]: POST /order/createOrder {"orderList":[{"productId":10,"productCode":"C1002","department":0,"freezersNum":7,"classify":2,"productName":"牛心","unit":"個","standard":"個(請在22:30前落單)","disable":0,"summary":1,"prompt":1,"updateDate":"2024-05-09 14:02:06","orderQuantity":1,"orderMode":0,"checked":true},{"productId":23,"productCode":"C1026","department":0,"freezersNum":5,"classify":3,"productName":"雪花胸肋","unit":"G","standard":"KG","disable":0,"summary":0,"prompt":0,"updateDate":"0000-00-00 00:00:00","orderQuantity":4,"orderMode":0},{"productId":27,"productCode":"A1004","department":0,"freezersNum":7,"classify":3,"productName":"封門柳","unit":"G","standard":"條(請在22:30前落單)","disable":0,"summary":1,"prompt":1,"updateDate":"2024-05-09 14:01:54","orderQuantity":1,"orderMode":0,"checked":true},{"productId":28,"productCode":"A1002","department":0,"freezersNum":7,"classify":3,"productName":"邊爪","unit":"G","standard":"幅","disable":0,"summary":1,"prompt":1,"updateDate":"2024-06-13 12:27:50","orderQuantity":1,"orderMode":0,"checked":true},{"productId":29,"productCode":"A1009","department":0,"freezersNum":5,"classify":3,"productName":"五花趾","unit":"G","standard":"KG","disable":0,"summary":0,"prompt":0,"updateDate":"2024-04-20 04:38:35","orderQuantity":4,"orderMode":0},{"productId":32,"productCode":"A1016","department":0,"freezersNum":4,"classify":3,"productName":"火鍋黑柏葉","unit":"包","standard":"600克/包","disable":0,"summary":0,"prompt":0,"updateDate":"0000-00-00 00:00:00","orderQuantity":3,"orderMode":0},{"productId":33,"productCode":"F1001","department":0,"freezersNum":7,"classify":4,"productName":"鮮牛骨","unit":"包","standard":"10斤/包(請在22:30前落單)","disable":0,"summary":1,"prompt":1,"updateDate":"2024-05-09 14:02:11","orderQuantity":1,"orderMode":0,"checked":true},{"productId":40,"productCode":"F1010","department":0,"freezersNum":1,"classify":4,"productName":"湯底牛腩","unit":"包","standard":"2 公斤/包","disable":0,"summary":0,"prompt":1,"updateDate":"2024-03-30 04:48:23","orderQuantity":1,"orderMode":0,"checked":true},{"productId":41,"productCode":"F1011","department":0,"freezersNum":1,"classify":4,"productName":"牛骨湯","unit":"袋","standard":"10小包/袋","disable":0,"summary":0,"prompt":1,"updateDate":"2024-03-30 04:48:20","orderQuantity":1,"orderMode":0,"checked":true},{"productId":91,"productCode":"O1002","department":0,"freezersNum":3,"classify":13,"productName":"616牛肉汁","unit":"支","standard":"2公升/支","disable":0,"summary":0,"prompt":1,"updateDate":"2024-03-30 04:21:42","orderQuantity":1,"orderMode":0,"checked":true},{"productId":92,"productCode":"O1003","department":0,"freezersNum":3,"classify":13,"productName":"牛油豉油","unit":"支","standard":"2公升/支","disable":0,"summary":0,"prompt":1,"updateDate":"2024-03-30 04:21:33","orderQuantity":1,"orderMode":0,"checked":true},{"productId":135,"productCode":"N1001","department":0,"freezersNum":3,"classify":14,"productName":"菊花桂圓露","unit":"袋","standard":"10支/袋","disable":0,"summary":0,"prompt":1,"updateDate":"2024-03-30 04:22:02","orderQuantity":1,"orderMode":0,"checked":true},{"productId":136,"productCode":"N1002","department":0,"freezersNum":3,"classify":14,"productName":"洛神玫瑰茶","unit":"袋","standard":"10支/袋","disable":0,"summary":0,"prompt":1,"updateDate":"2024-03-30 04:22:06","orderQuantity":1,"orderMode":0,"checked":true},{"productId":246,"productCode":"N1003","department":0,"freezersNum":3,"classify":14,"productName":"烏梅汁","unit":"袋","standard":"10支/袋","disable":0,"summary":0,"prompt":1,"updateDate":"2024-03-30 04:21:55","orderQuantity":1,"orderMode":0,"checked":true},{"productId":267,"productCode":"C1017","department":0,"freezersNum":7,"classify":2,"productName":"尾龍","unit":"G","standard":"斤(請在22:30前落單)","disable":0,"summary":1,"prompt":1,"updateDate":"2024-05-09 14:02:55","orderQuantity":1,"orderMode":0,"checked":true}]}
info: [Oct-22-2024 10:38:04]: POST /order/readOrder {"size":20,"page":1,"updateDate":["2024-10-21 00:00:00","2024-10-22 23:59:59"]}
info: [Oct-22-2024 10:38:04]: POST /product/readProduct {"size":999,"page":1}
info: [Oct-22-2024 10:38:04]: POST /shop/readShop {"size":999,"page":1}
info: [Oct-22-2024 10:38:06]: POST /order/readOrderDetail {"orderId":"57b1104a-8116-47e8-a555-cfbf2f39a603"}
info: [Oct-22-2024 10:38:09]: POST /order/readOrderDetail {"orderId":"57b1104a-8116-47e8-a555-cfbf2f39a603"}
info: [Oct-22-2024 10:38:12]: POST /member/logout {}
info: [Oct-22-2024 10:38:16]: POST /member/login {"name":"kaye","password":"123456","force":false}
info: [Oct-22-2024 10:38:19]: POST /member/login {"name":"kaye","password":"1234569","force":false}
info: [Oct-22-2024 10:38:19]: POST /order/readOrder {"size":20,"page":1,"updateDate":["2024-10-21 00:00:00","2024-10-22 23:59:59"]}
info: [Oct-22-2024 10:38:19]: POST /product/readProduct {"size":999,"page":1}
info: [Oct-22-2024 10:38:19]: POST /shop/readShop {"size":999,"page":1}
info: [Oct-22-2024 10:38:21]: POST /order/readOrderDetail {"orderId":"57b1104a-8116-47e8-a555-cfbf2f39a603"}
info: [Oct-22-2024 10:38:25]: POST /order/updateAssignQuantity {"assignQuantitys":[{"id":381675,"assignQuantity":1,"orderQuantity":1,"remark":null},{"id":381674,"assignQuantity":1,"orderQuantity":1,"remark":null},{"id":381676,"assignQuantity":4,"orderQuantity":4,"remark":null},{"id":381677,"assignQuantity":3,"orderQuantity":3,"remark":null},{"id":381672,"assignQuantity":1,"orderQuantity":1,"remark":null},{"id":381686,"assignQuantity":1,"orderQuantity":1,"remark":null},{"id":381673,"assignQuantity":4,"orderQuantity":4,"remark":null},{"id":381678,"assignQuantity":1,"orderQuantity":1,"remark":null},{"id":381679,"assignQuantity":1,"orderQuantity":1,"remark":null},{"id":381680,"assignQuantity":1,"orderQuantity":1,"remark":null},{"id":381683,"assignQuantity":1,"orderQuantity":1,"remark":null},{"id":381684,"assignQuantity":1,"orderQuantity":1,"remark":null},{"id":381685,"assignQuantity":1,"orderQuantity":1,"remark":null},{"id":381681,"assignQuantity":1,"orderQuantity":1,"remark":null},{"id":381682,"assignQuantity":1,"orderQuantity":1,"remark":null}],"orderId":"57b1104a-8116-47e8-a555-cfbf2f39a603","orderCode":"3f3d234b-c9c6-498d-bd92-3c3c8a77282b-20241022"}
info: [Oct-22-2024 10:38:25]: POST /order/readOrder {"size":20,"page":1,"updateDate":["2024-10-21 00:00:00","2024-10-22 23:59:59"],"total":7}
info: [Oct-22-2024 10:38:25]: POST /order/readOrderDetail {"orderId":"57b1104a-8116-47e8-a555-cfbf2f39a603"}
info: [Oct-22-2024 10:38:36]: POST /order/createAdditionOrder {"orderList":[{"orderId":"57b1104a-8116-47e8-a555-cfbf2f39a603","status":2,"productId":294,"productCode":"A1007","productName":"日本牛頸脊","orderQuantity":12,"assignQuantity":12,"orderMode":1,"remark":"","updateDate":"-","mode":"create","unit":"G"}]}
info: [Oct-22-2024 10:38:36]: POST /order/updateAssignQuantity {"assignQuantitys":[{"id":381672,"assignQuantity":1,"orderQuantity":1,"remark":"-"},{"id":381673,"assignQuantity":4,"orderQuantity":4,"remark":"-"},{"id":381674,"assignQuantity":1,"orderQuantity":1,"remark":"-"},{"id":381675,"assignQuantity":1,"orderQuantity":1,"remark":"-"},{"id":381676,"assignQuantity":4,"orderQuantity":4,"remark":"-"},{"id":381677,"assignQuantity":3,"orderQuantity":3,"remark":"-"},{"id":381678,"assignQuantity":1,"orderQuantity":1,"remark":"-"},{"id":381679,"assignQuantity":1,"orderQuantity":1,"remark":"-"},{"id":381680,"assignQuantity":1,"orderQuantity":1,"remark":"-"},{"id":381681,"assignQuantity":1,"orderQuantity":1,"remark":"-"},{"id":381682,"assignQuantity":1,"orderQuantity":1,"remark":"-"},{"id":381683,"assignQuantity":1,"orderQuantity":1,"remark":"-"},{"id":381684,"assignQuantity":1,"orderQuantity":1,"remark":"-"},{"id":381685,"assignQuantity":1,"orderQuantity":1,"remark":"-"},{"id":381686,"assignQuantity":1,"orderQuantity":1,"remark":"-"}],"orderId":"57b1104a-8116-47e8-a555-cfbf2f39a603","orderCode":"3f3d234b-c9c6-498d-bd92-3c3c8a77282b-20241022"}
info: [Oct-22-2024 10:38:37]: POST /order/readOrder {"size":20,"page":1,"updateDate":["2024-10-21 00:00:00","2024-10-22 23:59:59"],"total":7}
info: [Oct-22-2024 10:38:37]: POST /order/readOrderDetail {"orderId":"57b1104a-8116-47e8-a555-cfbf2f39a603"}
info: [Oct-22-2024 10:38:48]: POST /order/readHistoryOrder {"size":99,"page":1,"orderCode":"3f3d234b-c9c6-498d-bd92-3c3c8a77282b-20241022"}
info: [Oct-22-2024 10:38:50]: POST /order/readOrderDetail {"orderId":"57b1104a-8116-47e8-a555-cfbf2f39a603"}
info: [Oct-22-2024 10:38:53]: POST /order/readOrderDetail {"orderId":"57b1104a-8116-47e8-a555-cfbf2f39a603"}
info: [Oct-22-2024 10:39:00]: POST /product/readProduct {"size":20,"page":1}
info: [Oct-22-2024 10:39:03]: POST /shop/readShop {"size":10,"page":1}
info: [Oct-22-2024 10:39:03]: POST /product/readProduct {"size":999,"page":1}
info: [Oct-22-2024 10:39:03]: POST /shop/readPartition {}
info: [Oct-22-2024 10:44:15]: POST /order/readOrder {"size":20,"page":1,"updateDate":["2024-10-21 00:00:00","2024-10-22 23:59:59"]}
info: [Oct-22-2024 10:44:15]: POST /product/readProduct {"size":999,"page":1}
info: [Oct-22-2024 10:44:15]: POST /shop/readShop {"size":999,"page":1}
info: [Oct-22-2024 10:44:31]: POST /order/readOrder {"size":20,"page":1,"updateDate":["2024-10-21 00:00:00","2024-10-22 23:59:59"],"total":7,"orderShopId":"09c4bfbc-bc1f-4bb9-8618-5d73bdf0ea51"}
