
info: Feb-08-2024 15:42:38: 	undefined
info: Feb-08-2024 15:42:38: 	undefined
info: Feb-22-2024 15:27:41: 	undefined
info: Feb-22-2024 15:28:20: 	undefined
info: Feb-27-2024 22:24:26: 	undefined
info: Feb-27-2024 22:25:10: 	undefined
info: Feb-27-2024 22:26:51: 	undefined
info: Feb-27-2024 22:32:05: 	undefined
info: Feb-27-2024 22:33:53: 	undefined
info: Feb-27-2024 22:33:55: 	undefined
info: Feb-27-2024 22:34:07: 	undefined
info: Feb-27-2024 22:34:16: 	undefined
info: Feb-27-2024 22:34:29: 	undefined
info: Feb-29-2024 16:53:28: 	undefined
info: Feb-29-2024 17:10:34: 	undefined
info: Feb-29-2024 17:11:06: 	{"code":"ER_NO_DEFAULT_FOR_FIELD","errno":1364,"sqlMessage":"Field 'classify' doesn't have a default value","sqlState":"HY000","index":0,"sql":"INSERT INTO product_info SET `productCode` = '88', `productName` = '88', `freezersNum` = '0', `department` = '0', `standard` = '555', `unit` = '5555', `disable` = '0', `summary` = '0', `createDate` = '2024-02-29 17:11:06', `updateDate` = '2024-02-29 17:11:06'"}
info: Feb-29-2024 17:35:48: 	{"code":"ER_NO_DEFAULT_FOR_FIELD","errno":1364,"sqlMessage":"Field 'prompt' doesn't have a default value","sqlState":"HY000","index":0,"sql":"INSERT INTO product_info SET `productCode` = '88', `productName` = '88', `freezersNum` = '1', `department` = '0', `standard` = '888', `unit` = '88', `disable` = '0', `summary` = '1', `classify` = '1', `createDate` = '2024-02-29 17:35:48', `updateDate` = '2024-02-29 17:35:48'"}
info: Feb-29-2024 17:36:38: 	{"code":"ER_BAD_NULL_ERROR","errno":1048,"sqlMessage":"Column 'prompt' cannot be null","sqlState":"23000","index":0,"sql":"INSERT INTO product_info SET `productCode` = '88', `productName` = '88', `classify` = '1', `freezersNum` = '1', `department` = '0', `standard` = '888', `unit` = '88', `disable` = '0', `summary` = '1', `prompt` = NULL, `createDate` = '2024-02-29 17:36:38', `updateDate` = '2024-02-29 17:36:38'"}
info: Feb-29-2024 17:39:06: 	undefined
info: Feb-29-2024 17:39:09: 	undefined
info: Feb-29-2024 17:39:57: 	{"code":"ER_TRUNCATED_WRONG_VALUE","errno":1292,"sqlMessage":"Truncated incorrect DOUBLE value: 'H1007'","sqlState":"22007","index":0,"sql":"DELETE FROM product_info where productCode = 246"}
info: Feb-29-2024 19:16:18: 	undefined
info: Feb-29-2024 19:16:51: 	undefined
info: Feb-29-2024 19:20:11: 	undefined
info: Feb-29-2024 19:31:39: 	undefined
info: Mar-06-2024 15:00:10: 	{"code":"ER_TRUNCATED_WRONG_VALUE","errno":1292,"sqlMessage":"Truncated incorrect DOUBLE value: 'H1015'","sqlState":"22007","index":0,"sql":"UPDATE product_info SET `prompt` = 0, `updateDate` = '2024-03-06 15:00:10' where productId = 'H1015'"}
info: Mar-06-2024 15:00:12: 	{"code":"ER_TRUNCATED_WRONG_VALUE","errno":1292,"sqlMessage":"Truncated incorrect DOUBLE value: 'H1015'","sqlState":"22007","index":0,"sql":"UPDATE product_info SET `prompt` = 0, `updateDate` = '2024-03-06 15:00:12' where productId = 'H1015'"}
info: Mar-06-2024 15:01:30: 	{"code":"ER_TRUNCATED_WRONG_VALUE","errno":1292,"sqlMessage":"Truncated incorrect DOUBLE value: 'H1015'","sqlState":"22007","index":0,"sql":"UPDATE product_info SET `prompt` = 0, `updateDate` = '2024-03-06 15:01:30' where productId = 'H1015'"}
info: Mar-10-2024 10:26:09: 	undefined
info: Mar-28-2024 10:20:31: 	undefined
info: Mar-28-2024 10:27:11: 	undefined
info: Mar-28-2024 10:27:11: 	undefined
info: Mar-28-2024 10:29:07: 	undefined
info: Mar-28-2024 10:30:20: 	undefined
info: Mar-28-2024 10:30:44: 	undefined
info: Mar-28-2024 10:45:10: 	undefined
info: Mar-28-2024 10:45:57: 	undefined
info: Mar-28-2024 10:46:01: 	undefined
info: Mar-28-2024 14:46:04: 	undefined
info: Mar-28-2024 14:46:17: 	undefined
info: Mar-28-2024 14:52:15: 	undefined
info: Apr-02-2024 11:06:47: 	undefined
info: Apr-02-2024 11:06:47: 	undefined
info: Apr-02-2024 11:06:47: 	undefined
info: Apr-02-2024 11:06:47: 	undefined
info: Apr-02-2024 11:09:30: 	undefined
info: Apr-02-2024 12:25:19: 	undefined
info: Apr-02-2024 12:26:15: 	undefined
info: Apr-02-2024 12:26:47: 	undefined
info: Apr-02-2024 12:27:28: 	undefined
info: Apr-02-2024 12:30:31: 	undefined
info: Apr-02-2024 12:32:01: 	undefined
info: Apr-02-2024 12:41:56: 	undefined
info: Apr-07-2024 15:56:54: 	undefined
info: Apr-07-2024 15:56:54: 	undefined
info: Apr-07-2024 15:58:37: 	undefined
info: Apr-07-2024 15:58:37: 	undefined
info: Apr-07-2024 16:02:32: 	undefined
info: Apr-07-2024 16:02:32: 	undefined
info: Apr-07-2024 16:04:00: 	undefined
info: Apr-07-2024 16:04:00: 	undefined
info: Apr-07-2024 16:04:53: 	undefined
info: Apr-07-2024 16:04:53: 	undefined
info: Apr-07-2024 16:05:26: 	undefined
info: Apr-07-2024 16:05:26: 	undefined
info: Apr-13-2024 16:26:03: 	undefined
info: Apr-13-2024 16:26:47: 	undefined
info: Apr-13-2024 16:30:00: 	undefined
info: Apr-13-2024 16:31:57: 	undefined
info: Apr-13-2024 16:31:58: 	undefined
info: Apr-13-2024 16:32:00: 	undefined
info: Apr-13-2024 16:33:02: 	undefined
info: Apr-13-2024 16:33:22: 	undefined
info: Apr-13-2024 16:46:42: 	undefined
info: Apr-13-2024 16:46:42: 	undefined
info: Apr-13-2024 19:43:11: 	undefined
info: Apr-13-2024 19:43:11: 	undefined
info: Jun-26-2024 13:52:26: 	{"code":"ER_PARSE_ERROR","errno":1064,"sqlMessage":"You have an error in your SQL syntax; check the manual that corresponds to your MySQL server version for the right syntax to use near 'index DESC' at line 1","sqlState":"42000","index":0,"sql":"SELECT * FROM order_info  WHERE order_info.orderShopId = '7aa2bdf3-2098-47d4-ae4a-3d61664b1e0c' AND order_info.department = '0' AND order_info.orderDate = '2024-06-26' ORDER BY index DESC"}
info: Jun-26-2024 13:53:24: 	{"code":"ER_PARSE_ERROR","errno":1064,"sqlMessage":"You have an error in your SQL syntax; check the manual that corresponds to your MySQL server version for the right syntax to use near 'index DESC' at line 1","sqlState":"42000","index":0,"sql":"SELECT * FROM order_info  WHERE order_info.orderShopId = '7aa2bdf3-2098-47d4-ae4a-3d61664b1e0c' AND order_info.department = '0' AND order_info.orderDate = '2024-06-26' ORDER BY index DESC"}
info: Jun-26-2024 13:56:54: 	{"code":"ER_PARSE_ERROR","errno":1064,"sqlMessage":"You have an error in your SQL syntax; check the manual that corresponds to your MySQL server version for the right syntax to use near 'index DESC' at line 1","sqlState":"42000","index":0,"sql":"SELECT * FROM order_info  WHERE order_info.orderShopId = '7aa2bdf3-2098-47d4-ae4a-3d61664b1e0c' AND order_info.department = '0' AND order_info.orderDate = '2024-06-26' ORDER BY index DESC"}
info: Jun-26-2024 15:35:37: 	undefined
info: Jun-27-2024 13:12:09: 	undefined
info: Jun-27-2024 13:15:32: 	undefined
